<?xml version="1.0" encoding="UTF-8"?>
<!-- Generated by org.testng.reporters.JUnitXMLReporter -->
<testsuite ignored="0" hostname="DESKTOP-NC5M9AD" failures="0" tests="5" name="hub spot Sanity Test" time="177.904" errors="0" timestamp="2025-11-06T23:47:55 IST">
  <testcase classname="com.qa.hubspot.tests.LoginTest" name="loginTest" time="3.532"/>
  <testcase classname="com.qa.hubspot.tests.LoginTest" name="loginPageTitleTest" time="0.068"/>
  <testcase classname="com.qa.hubspot.tests.HomePageTest" name="verifyHomePageTitleTest" time="16.045"/>
  <testcase classname="com.qa.hubspot.tests.HomePageTest" name="verifyHomePageHeaderTest" time="17.855"/>
  <testcase classname="com.qa.hubspot.tests.HomePageTest" name="verifyLoggedInAccountTest" time="19.268"/>
</testsuite> <!-- hub spot Sanity Test -->
