<?xml version="1.0" encoding="UTF-8"?>
<!-- Generated by org.testng.reporters.JUnitXMLReporter -->
<testsuite ignored="0" hostname="DESKTOP-NC5M9AD" failures="3" tests="10" name="Surefire test" time="252.804" errors="0" timestamp="2025-11-06T16:12:47 IST">
  <testcase classname="com.qa.hubspot.pages.LoginPageTest" name="LoginPageTest" time="0.108">
    <failure type="java.lang.RuntimeException" message="Test not implemented">
      <![CDATA[java.lang.RuntimeException: Test not implemented
at com.qa.hubspot.pages.LoginPageTest.LoginPageTest(LoginPageTest.java:9)
at java.base/java.util.ArrayList.forEach(ArrayList.java:1604)
... Removed 30 stack frames]]>
    </failure>
  </testcase> <!-- LoginPageTest -->
  <testcase classname="com.qa.hubspot.pages.LoginPageTest" name="doLoginTest" time="0.005">
    <failure type="java.lang.RuntimeException" message="Test not implemented">
      <![CDATA[java.lang.RuntimeException: Test not implemented
at com.qa.hubspot.pages.LoginPageTest.doLoginTest(LoginPageTest.java:14)
at java.base/java.util.ArrayList.forEach(ArrayList.java:1604)
... Removed 30 stack frames]]>
    </failure>
  </testcase> <!-- doLoginTest -->
  <testcase classname="com.qa.hubspot.pages.LoginPageTest" name="getLoginPageTitleTest" time="0.004">
    <failure type="java.lang.RuntimeException" message="Test not implemented">
      <![CDATA[java.lang.RuntimeException: Test not implemented
at com.qa.hubspot.pages.LoginPageTest.getLoginPageTitleTest(LoginPageTest.java:19)
at java.base/java.util.ArrayList.forEach(ArrayList.java:1604)
... Removed 30 stack frames]]>
    </failure>
  </testcase> <!-- getLoginPageTitleTest -->
  <testcase classname="com.qa.hubspot.tests.ContactsPageTest" name="createNewContactTest" time="10.357"/>
  <testcase classname="com.qa.hubspot.tests.HomePageTest" name="verifyHomePageTitleTest" time="0.026"/>
  <testcase classname="com.qa.hubspot.tests.HomePageTest" name="verifyHomePageHeaderTest" time="0.548"/>
  <testcase classname="com.qa.hubspot.tests.HomePageTest" name="verifyLoggedInAccountTest" time="0.562"/>
  <testcase classname="com.qa.hubspot.tests.LoginPFTest" name="LoginTest" time="19.555"/>
  <testcase classname="com.qa.hubspot.tests.LoginTest" name="loginTest" time="2.899"/>
  <testcase classname="com.qa.hubspot.tests.LoginTest" name="loginPageTitleTest" time="0.048"/>
</testsuite> <!-- Surefire test -->
