<!DOCTYPE html PUBLIC "-//W3C//DTD XHTML 1.1//EN" "https://www.w3.org/TR/xhtml11/DTD/xhtml11.dtd">
<html xmlns="https://www.w3.org/1999/xhtml">
<head>
<meta http-equiv="content-type" content="text/html; charset=UTF-8"/>
<title>TestNG Report</title>
<style type="text/css">table {margin-bottom:10px;border-collapse:collapse;empty-cells:show}th,td {border:1px solid #009;padding:.25em .5em}th {vertical-align:bottom}td {vertical-align:top}table a {font-weight:bold}.stripe td {background-color: #E6EBF9}.num {text-align:right}.passedodd td {background-color: #3F3}.passedeven td {background-color: #0A0}.skippedodd td {background-color: #DDD}.skippedeven td {background-color: #CCC}.failedodd td,.attn {background-color: #F33}.failedeven td,.stripe .attn {background-color: #D00}.stacktrace {white-space:pre;font-family:monospace}.totop {font-size:85%;text-align:center;border-bottom:2px solid #000}.invisible {display:none}</style>
</head>
<body>
<table>
<tr><th>Test</th><th># Passed</th><th># Skipped</th><th># Retried</th><th># Failed</th><th>Time (ms)</th><th>Included Groups</th><th>Excluded Groups</th></tr>
<tr><th colspan="8">Surefire suite</th></tr>
<tr><td><a href="#t0">Surefire test</a></td><td class="num">7</td><td class="num">0</td><td class="num">0</td><td class="num attn">3</td><td class="num">252,804</td><td></td><td></td></tr>
</table>
<table id='summary'><thead><tr><th>Class</th><th>Method</th><th>Start</th><th>Time (ms)</th></tr></thead><tbody><tr><th colspan="4">Surefire suite</th></tr></tbody><tbody id="t0"><tr><th colspan="4">Surefire test &#8212; failed</th></tr><tr class="failedeven"><td rowspan="3">com.qa.hubspot.pages.LoginPageTest</td><td><a href="#m0">LoginPageTest</a></td><td rowspan="1">1762425514280</td><td rowspan="1">108</td></tr><tr class="failedeven"><td><a href="#m1">doLoginTest</a></td><td rowspan="1">1762425514546</td><td rowspan="1">5</td></tr><tr class="failedeven"><td><a href="#m2">getLoginPageTitleTest</a></td><td rowspan="1">1762425514559</td><td rowspan="1">4</td></tr><tr><th colspan="4">Surefire test &#8212; passed</th></tr><tr class="passedeven"><td rowspan="1">com.qa.hubspot.tests.ContactsPageTest</td><td><a href="#m3">createNewContactTest</a></td><td rowspan="1">1762425553370</td><td rowspan="1">10357</td></tr><tr class="passedodd"><td rowspan="3">com.qa.hubspot.tests.HomePageTest</td><td><a href="#m4">verifyHomePageHeaderTest</a></td><td rowspan="1">1762425639983</td><td rowspan="1">548</td></tr><tr class="passedodd"><td><a href="#m5">verifyHomePageTitleTest</a></td><td rowspan="1">1762425601421</td><td rowspan="1">26</td></tr><tr class="passedodd"><td><a href="#m6">verifyLoggedInAccountTest</a></td><td rowspan="1">1762425689176</td><td rowspan="1">562</td></tr><tr class="passedeven"><td rowspan="1">com.qa.hubspot.tests.LoginPFTest</td><td><a href="#m7">LoginTest</a></td><td rowspan="1">1762425708469</td><td rowspan="1">19555</td></tr><tr class="passedodd"><td rowspan="2">com.qa.hubspot.tests.LoginTest</td><td><a href="#m8">loginPageTitleTest</a></td><td rowspan="1">1762425766672</td><td rowspan="1">48</td></tr><tr class="passedodd"><td><a href="#m9">loginTest</a></td><td rowspan="1">1762425749095</td><td rowspan="1">2899</td></tr></tbody>
</table>
<h2>Surefire test</h2><h3 id="m0">com.qa.hubspot.pages.LoginPageTest#LoginPageTest</h3><table class="result"><tr><th>Exception</th></tr><tr><td><div class="stacktrace">java.lang.RuntimeException: Test not implemented
	at com.qa.hubspot.pages.LoginPageTest.LoginPageTest(LoginPageTest.java:9)
	at java.base/java.util.ArrayList.forEach(ArrayList.java:1604)
... Removed 30 stack frames</div></td></tr></table><p class="totop"><a href="#summary">back to summary</a></p>
<h3 id="m1">com.qa.hubspot.pages.LoginPageTest#doLoginTest</h3><table class="result"><tr><th>Exception</th></tr><tr><td><div class="stacktrace">java.lang.RuntimeException: Test not implemented
	at com.qa.hubspot.pages.LoginPageTest.doLoginTest(LoginPageTest.java:14)
	at java.base/java.util.ArrayList.forEach(ArrayList.java:1604)
... Removed 30 stack frames</div></td></tr></table><p class="totop"><a href="#summary">back to summary</a></p>
<h3 id="m2">com.qa.hubspot.pages.LoginPageTest#getLoginPageTitleTest</h3><table class="result"><tr><th>Exception</th></tr><tr><td><div class="stacktrace">java.lang.RuntimeException: Test not implemented
	at com.qa.hubspot.pages.LoginPageTest.getLoginPageTitleTest(LoginPageTest.java:19)
	at java.base/java.util.ArrayList.forEach(ArrayList.java:1604)
... Removed 30 stack frames</div></td></tr></table><p class="totop"><a href="#summary">back to summary</a></p>
<h3 id="m3">com.qa.hubspot.tests.ContactsPageTest#createNewContactTest</h3><table class="result"><tr><th class="invisible"/></tr></table><p class="totop"><a href="#summary">back to summary</a></p>
<h3 id="m4">com.qa.hubspot.tests.HomePageTest#verifyHomePageHeaderTest</h3><table class="result"><tr><th class="invisible"/></tr></table><p class="totop"><a href="#summary">back to summary</a></p>
<h3 id="m5">com.qa.hubspot.tests.HomePageTest#verifyHomePageTitleTest</h3><table class="result"><tr><th class="invisible"/></tr></table><p class="totop"><a href="#summary">back to summary</a></p>
<h3 id="m6">com.qa.hubspot.tests.HomePageTest#verifyLoggedInAccountTest</h3><table class="result"><tr><th class="invisible"/></tr></table><p class="totop"><a href="#summary">back to summary</a></p>
<h3 id="m7">com.qa.hubspot.tests.LoginPFTest#LoginTest</h3><table class="result"><tr><th class="invisible"/></tr></table><p class="totop"><a href="#summary">back to summary</a></p>
<h3 id="m8">com.qa.hubspot.tests.LoginTest#loginPageTitleTest</h3><table class="result"><tr><th class="invisible"/></tr></table><p class="totop"><a href="#summary">back to summary</a></p>
<h3 id="m9">com.qa.hubspot.tests.LoginTest#loginTest</h3><table class="result"><tr><th class="invisible"/></tr></table><p class="totop"><a href="#summary">back to summary</a></p>
</body>
</html>
