<?xml version="1.0" encoding="UTF-8"?>
<testng-results ignored="0" total="1" passed="1" failed="0" skipped="0">
  <reporter-output>
  </reporter-output>
  <suite started-at="2025-10-30T13:05:37 IST" name="Default suite" finished-at="2025-10-30T13:06:16 IST" duration-ms="38978">
    <groups>
    </groups>
    <test started-at="2025-10-30T13:05:37 IST" name="Default test" finished-at="2025-10-30T13:06:16 IST" duration-ms="38978">
      <class name="com.qa.hubspot.tests.LoginPFTest">
        <test-method is-config="true" signature="setup()[pri:0, instance:com.qa.hubspot.tests.LoginPFTest@54c5a2ff]" started-at="2025-10-30T13:05:37 IST" name="setup" finished-at="2025-10-30T13:05:55 IST" duration-ms="17893" status="PASS">
          <reporter-output>
          </reporter-output>
        </test-method> <!-- setup -->
        <test-method signature="LoginTest()[pri:0, instance:com.qa.hubspot.tests.LoginPFTest@54c5a2ff]" started-at="2025-10-30T13:05:55 IST" name="LoginTest" finished-at="2025-10-30T13:06:15 IST" duration-ms="20682" status="PASS">
          <reporter-output>
          </reporter-output>
        </test-method> <!-- LoginTest -->
        <test-method is-config="true" signature="tearDown()[pri:0, instance:com.qa.hubspot.tests.LoginPFTest@54c5a2ff]" started-at="2025-10-30T13:06:15 IST" name="tearDown" finished-at="2025-10-30T13:06:16 IST" duration-ms="298" status="PASS">
          <reporter-output>
          </reporter-output>
        </test-method> <!-- tearDown -->
      </class> <!-- com.qa.hubspot.tests.LoginPFTest -->
    </test> <!-- Default test -->
  </suite> <!-- Default suite -->
</testng-results>
