<?xml version="1.0" encoding="UTF-8"?>
<!-- Generated by org.testng.reporters.JUnitReportReporter -->
<testsuite hostname="DESKTOP-NC5M9AD" failures="0" tests="3" name="com.qa.hubspot.tests.HomePageTest" time="114.657" errors="0" timestamp="2025-10-29T13:07:27 IST" skipped="0">
  <testcase classname="com.qa.hubspot.tests.HomePageTest" name="verifyHomePageTitleTest" time="42.289"/>
  <testcase classname="com.qa.hubspot.tests.HomePageTest" name="verifyHomePageHeaderTest" time="43.809"/>
  <testcase classname="com.qa.hubspot.tests.HomePageTest" name="verifyLoggedInAccountTest" time="28.559"/>
</testsuite> <!-- com.qa.hubspot.tests.HomePageTest -->
