<?xml version="1.0" encoding="UTF-8"?>
<!-- Generated by org.testng.reporters.JUnitReportReporter -->
<testsuite hostname="DESKTOP-NC5M9AD" failures="0" tests="3" name="com.qa.hubspot.pages.LoginPageTest" time="60.323" errors="0" timestamp="2025-11-07T12:35:47 IST" skipped="0">
  <testcase classname="com.qa.hubspot.pages.LoginPageTest" name="LoginPageTest" time="11.330"/>
  <testcase classname="com.qa.hubspot.pages.LoginPageTest" name="getLoginPageTitleTest" time="12.851"/>
  <testcase classname="com.qa.hubspot.pages.LoginPageTest" name="doLoginTest" time="36.142"/>
</testsuite> <!-- com.qa.hubspot.pages.LoginPageTest -->
