<?xml version="1.0" encoding="UTF-8"?>
<!-- Generated by org.testng.reporters.JUnitReportReporter -->
<testsuite hostname="DESKTOP-NC5M9AD" failures="0" tests="2" name="com.qa.hubspot.tests.LoginTest" time="39.711" errors="0" timestamp="2025-11-06T23:47:55 IST" skipped="0">
  <testcase classname="com.qa.hubspot.tests.LoginTest" name="loginTest" time="19.172"/>
  <testcase classname="com.qa.hubspot.tests.LoginTest" name="loginPageTitleTest" time="20.539"/>
</testsuite> <!-- com.qa.hubspot.tests.LoginTest -->
