<?xml version="1.0" encoding="UTF-8"?>
<!-- Generated by org.testng.reporters.JUnitReportReporter -->
<testsuite hostname="DESKTOP-NC5M9AD" failures="0" tests="2" name="com.qa.hubspot.tests.LoginTest" time="45.678" errors="0" timestamp="2025-10-29T13:07:27 IST" skipped="0">
  <testcase classname="com.qa.hubspot.tests.LoginTest" name="loginTest" time="36.368"/>
  <testcase classname="com.qa.hubspot.tests.LoginTest" name="loginPageTitleTest" time="9.310"/>
</testsuite> <!-- com.qa.hubspot.tests.LoginTest -->
