<?xml version="1.0" encoding="UTF-8"?>
<!-- Generated by org.testng.reporters.JUnitReportReporter -->
<testsuite hostname="DESKTOP-NC5M9AD" failures="0" tests="2" name="com.qa.hubspot.tests.LoginTest" time="38.557" errors="0" timestamp="2025-11-06T16:12:47 IST" skipped="0">
  <testcase classname="com.qa.hubspot.tests.LoginTest" name="loginTest" time="17.567"/>
  <testcase classname="com.qa.hubspot.tests.LoginTest" name="loginPageTitleTest" time="20.990"/>
</testsuite> <!-- com.qa.hubspot.tests.LoginTest -->
