<?xml version="1.0" encoding="UTF-8"?>
<!-- Generated by org.testng.reporters.JUnitReportReporter -->
<testsuite hostname="DESKTOP-NC5M9AD" failures="0" tests="3" name="com.qa.hubspot.tests.HomePageTest" time="126.042" errors="0" timestamp="2025-11-06T16:12:47 IST" skipped="0">
  <testcase classname="com.qa.hubspot.tests.HomePageTest" name="verifyHomePageTitleTest" time="48.661"/>
  <testcase classname="com.qa.hubspot.tests.HomePageTest" name="verifyHomePageHeaderTest" time="38.125"/>
  <testcase classname="com.qa.hubspot.tests.HomePageTest" name="verifyLoggedInAccountTest" time="39.256"/>
</testsuite> <!-- com.qa.hubspot.tests.HomePageTest -->
